[01m[K/home/bhavesh/Documents/AutonomousNavigationAndCollisionAvoidanceBot/AIHTsim/src/tinyml_model/src/rfModel.cpp:[m[K In member function â€˜[01m[Kvoid ScanSubscriber::scanCallback(sensor_msgs::msg::LaserScan_<std::allocator<void> >::SharedPtr)[m[Kâ€™:
[01m[K/home/bhavesh/Documents/AutonomousNavigationAndCollisionAvoidanceBot/AIHTsim/src/tinyml_model/src/rfModel.cpp:17:51:[m[K [01;31m[Kerror: [m[Kâ€˜[01m[Kconst SharedPtr[m[Kâ€™ {aka â€˜[01m[Kconst class std::shared_ptr<sensor_msgs::msg::LaserScan_<std::allocator<void> > >[m[Kâ€™} has no member named â€˜[01m[Kranges[m[Kâ€™
   17 |     int class_index = classifier.predict(scan_msg.[01;31m[Kranges[m[K);
      |                                                   [01;31m[K^~~~~~[m[K
gmake[2]: *** [CMakeFiles/rfModel.dir/build.make:76: CMakeFiles/rfModel.dir/src/rfModel.cpp.o] Error 1
gmake[1]: *** [CMakeFiles/Makefile2:137: CMakeFiles/rfModel.dir/all] Error 2
gmake: *** [Makefile:146: all] Error 2
